[2020-06-22T01:09:32.985] [DEBUG] cheese - login => username:zs,password:123456
[2020-06-22T01:09:32.988] [DEBUG] cheese - zs
[2020-06-22T01:09:33.000] [DEBUG] cheese - null
[2020-06-22T01:09:33.002] [DEBUG] cheese - null
[2020-06-22T01:09:41.236] [DEBUG] cheese - login => username:admin,password:123456
[2020-06-22T01:09:41.236] [DEBUG] cheese - admin
[2020-06-22T01:09:41.244] [DEBUG] cheese - null
[2020-06-22T01:09:41.244] [DEBUG] cheese - null
[2020-06-22T01:34:20.532] [DEBUG] cheese - login => username:admin,password:123456
[2020-06-22T01:34:20.532] [DEBUG] cheese - admin
[2020-06-22T01:34:20.535] [DEBUG] cheese - null
[2020-06-22T01:34:20.535] [DEBUG] cheese - null
[2020-06-22T01:34:24.607] [DEBUG] cheese - login => username:admin,password:123456
[2020-06-22T01:34:24.607] [DEBUG] cheese - admin
[2020-06-22T01:34:24.611] [DEBUG] cheese - null
[2020-06-22T01:34:24.611] [DEBUG] cheese - null
[2020-06-22T01:41:11.467] [DEBUG] cheese - login => username:admin,password:123123
[2020-06-22T01:41:11.468] [DEBUG] cheese - admin
[2020-06-22T01:41:11.470] [DEBUG] cheese - null
[2020-06-22T01:41:11.470] [DEBUG] cheese - null
[2020-06-22T01:41:57.299] [DEBUG] cheese - login => username:admin,password:12366544
[2020-06-22T01:41:57.299] [DEBUG] cheese - admin
[2020-06-22T01:41:57.303] [DEBUG] cheese - null
[2020-06-22T01:41:57.303] [DEBUG] cheese - null
[2020-06-22T01:42:02.100] [DEBUG] cheese - login => username:admin,password:123456
[2020-06-22T01:42:02.100] [DEBUG] cheese - admin
[2020-06-22T01:42:02.102] [DEBUG] cheese - null
[2020-06-22T01:42:02.102] [DEBUG] cheese - null
[2020-06-22T01:42:54.287] [DEBUG] cheese - login => username:admin,password:123456
[2020-06-22T01:42:54.287] [DEBUG] cheese - admin
[2020-06-22T01:42:54.288] [DEBUG] cheese - null
[2020-06-22T01:42:54.288] [DEBUG] cheese - null
[2020-06-22T01:52:35.368] [DEBUG] cheese - login => username:admin,password:123456
[2020-06-22T01:52:35.368] [DEBUG] cheese - admin
[2020-06-22T01:52:35.370] [DEBUG] cheese - null
[2020-06-22T01:52:35.370] [DEBUG] cheese - null
[2020-06-22T01:53:33.858] [DEBUG] cheese - login => username:admin,password:123456
[2020-06-22T01:53:33.858] [DEBUG] cheese - admin
[2020-06-22T01:53:33.859] [DEBUG] cheese - null
[2020-06-22T01:53:33.860] [DEBUG] cheese - null
[2020-06-22T02:13:12.580] [DEBUG] cheese - login => username:admin,password:123456
[2020-06-22T02:13:12.581] [DEBUG] cheese - admin
[2020-06-22T02:13:12.583] [DEBUG] cheese - null
[2020-06-22T02:13:12.583] [DEBUG] cheese - null
[2020-06-22T02:13:59.564] [DEBUG] cheese - login => username:admin,password:123456
[2020-06-22T02:13:59.564] [DEBUG] cheese - admin
[2020-06-22T02:13:59.565] [DEBUG] cheese - null
[2020-06-22T02:13:59.566] [DEBUG] cheese - null
[2020-06-22T07:54:40.069] [DEBUG] cheese - login => username:admin,password:123456
[2020-06-22T07:54:40.072] [DEBUG] cheese - admin
[2020-06-22T07:54:40.105] [DEBUG] cheese - null
[2020-06-22T07:54:40.107] [DEBUG] cheese - null
[2020-06-22T08:08:39.980] [DEBUG] cheese - login => username:admin,password:123123
[2020-06-22T08:08:39.980] [DEBUG] cheese - admin
[2020-06-22T08:08:39.983] [DEBUG] cheese - null
[2020-06-22T08:08:39.983] [DEBUG] cheese - null
[2020-06-22T08:08:44.989] [DEBUG] cheese - login => username:admin,password:123456
[2020-06-22T08:08:44.989] [DEBUG] cheese - admin
[2020-06-22T08:08:44.992] [DEBUG] cheese - null
[2020-06-22T08:08:44.993] [DEBUG] cheese - null
[2020-06-22T08:09:40.548] [DEBUG] cheese - login => username:admin,password:123123
[2020-06-22T08:09:40.548] [DEBUG] cheese - admin
[2020-06-22T08:09:40.550] [DEBUG] cheese - null
[2020-06-22T08:09:40.550] [DEBUG] cheese - null
[2020-06-22T08:10:06.187] [DEBUG] cheese - login => username:admin,password:123456
[2020-06-22T08:10:06.187] [DEBUG] cheese - admin
[2020-06-22T08:10:06.190] [DEBUG] cheese - null
[2020-06-22T08:10:06.190] [DEBUG] cheese - null
[2020-06-22T12:13:26.620] [DEBUG] cheese - login => username:admin,password:123456
[2020-06-22T12:13:26.621] [DEBUG] cheese - admin
[2020-06-22T12:13:26.644] [DEBUG] cheese - null
[2020-06-22T12:13:26.644] [DEBUG] cheese - null
[2020-06-22T13:09:38.725] [DEBUG] cheese - login => username:nihaolin,password:248376261
[2020-06-22T13:09:38.725] [DEBUG] cheese - nihaolin
[2020-06-22T13:09:38.727] [DEBUG] cheese - null
[2020-06-22T13:09:38.727] [DEBUG] cheese - null
[2020-06-22T13:09:50.088] [DEBUG] cheese - login => username:admin,password:123456
[2020-06-22T13:09:50.088] [DEBUG] cheese - admin
[2020-06-22T13:09:50.090] [DEBUG] cheese - null
[2020-06-22T13:09:50.090] [DEBUG] cheese - null
[2020-06-22T13:26:25.989] [DEBUG] cheese - login => username:admin,password:123456
[2020-06-22T13:26:25.990] [DEBUG] cheese - admin
[2020-06-22T13:26:26.003] [DEBUG] cheese - null
[2020-06-22T13:26:26.003] [DEBUG] cheese - null
[2020-06-22T17:01:07.142] [DEBUG] cheese - login => username:admin,password:123456
[2020-06-22T17:01:07.143] [DEBUG] cheese - admin
[2020-06-22T17:01:07.145] [DEBUG] cheese - null
[2020-06-22T17:01:07.145] [DEBUG] cheese - null
[2020-06-22T17:36:58.730] [DEBUG] cheese - login => username:admin,password:123456
[2020-06-22T17:36:58.731] [DEBUG] cheese - admin
[2020-06-22T17:36:58.733] [DEBUG] cheese - null
[2020-06-22T17:36:58.734] [DEBUG] cheese - null
[2020-06-22T21:33:58.556] [DEBUG] cheese - login => username:admin,password:123456
[2020-06-22T21:33:58.556] [DEBUG] cheese - admin
[2020-06-22T21:33:58.558] [DEBUG] cheese - null
[2020-06-22T21:33:58.558] [DEBUG] cheese - null
[2020-06-22T22:00:34.321] [DEBUG] cheese - login => username:faf,password:554455454
[2020-06-22T22:00:34.322] [DEBUG] cheese - faf
[2020-06-22T22:00:34.323] [DEBUG] cheese - null
[2020-06-22T22:00:34.323] [DEBUG] cheese - null
[2020-06-22T22:00:45.415] [DEBUG] cheese - login => username:admin,password:123456
[2020-06-22T22:00:45.416] [DEBUG] cheese - admin
[2020-06-22T22:00:45.417] [DEBUG] cheese - null
[2020-06-22T22:00:45.417] [DEBUG] cheese - null
[2020-06-23T12:58:33.746] [DEBUG] cheese - login => username:admin,password:123456
[2020-06-23T12:58:33.747] [DEBUG] cheese - admin
[2020-06-23T12:58:33.770] [DEBUG] cheese - null
[2020-06-23T12:58:33.771] [DEBUG] cheese - null
[2020-06-23T20:03:19.559] [DEBUG] cheese - login => username:admin,password:123456
[2020-06-23T20:03:19.559] [DEBUG] cheese - admin
[2020-06-23T20:03:19.561] [DEBUG] cheese - null
[2020-06-23T20:03:19.561] [DEBUG] cheese - null
[2020-06-23T20:20:25.576] [DEBUG] cheese - login => username:admin,password:123466
[2020-06-23T20:20:25.576] [DEBUG] cheese - admin
[2020-06-23T20:20:25.578] [DEBUG] cheese - null
[2020-06-23T20:20:25.578] [DEBUG] cheese - null
[2020-06-23T20:20:29.472] [DEBUG] cheese - login => username:admin,password:123456
[2020-06-23T20:20:29.472] [DEBUG] cheese - admin
[2020-06-23T20:20:29.473] [DEBUG] cheese - null
[2020-06-23T20:20:29.474] [DEBUG] cheese - null
[2020-06-23T20:54:31.732] [DEBUG] cheese - login => username:admin,password:123456
[2020-06-23T20:54:31.732] [DEBUG] cheese - admin
[2020-06-23T20:54:31.734] [DEBUG] cheese - null
[2020-06-23T20:54:31.734] [DEBUG] cheese - null
[2020-06-23T22:03:12.316] [DEBUG] cheese - null
[2020-06-23T22:06:11.015] [DEBUG] cheese - null
[2020-06-23T22:06:34.393] [DEBUG] cheese - null
[2020-06-23T22:08:01.356] [DEBUG] cheese - null
[2020-06-23T22:08:40.359] [DEBUG] cheese - null
[2020-06-23T22:11:32.940] [DEBUG] cheese - null
[2020-06-23T22:11:50.797] [DEBUG] cheese - null
[2020-06-23T22:13:51.667] [DEBUG] cheese - null
[2020-06-23T22:13:56.386] [DEBUG] cheese - null
[2020-06-23T22:13:59.017] [DEBUG] cheese - null
[2020-06-23T22:14:13.591] [DEBUG] cheese - null
[2020-06-23T22:14:32.206] [DEBUG] cheese - null
[2020-06-23T23:03:33.379] [DEBUG] cheese - null
[2020-06-23T23:03:35.967] [DEBUG] cheese - null
[2020-06-24T19:51:47.964] [DEBUG] cheese - login => username:admin,password:123456
[2020-06-24T19:51:47.965] [DEBUG] cheese - admin
[2020-06-24T19:51:47.991] [DEBUG] cheese - null
[2020-06-24T19:51:47.992] [DEBUG] cheese - null
[2020-06-24T20:40:27.032] [DEBUG] cheese - login => username:admin,password:123456
[2020-06-24T20:40:27.033] [DEBUG] cheese - admin
[2020-06-24T20:40:27.036] [DEBUG] cheese - null
[2020-06-24T20:40:27.036] [DEBUG] cheese - null
[2020-06-24T20:51:44.520] [DEBUG] cheese - login => username:admin,password:123456
[2020-06-24T20:51:44.521] [DEBUG] cheese - admin
[2020-06-24T20:51:44.524] [DEBUG] cheese - null
[2020-06-24T20:51:44.525] [DEBUG] cheese - null
[2020-06-24T21:20:55.605] [DEBUG] cheese - login => username:admin,password:123456
[2020-06-24T21:20:55.606] [DEBUG] cheese - admin
[2020-06-24T21:20:55.609] [DEBUG] cheese - null
[2020-06-24T21:20:55.610] [DEBUG] cheese - null
[2020-06-24T21:38:46.245] [DEBUG] cheese - login => username:admin,password:123456
[2020-06-24T21:38:46.246] [DEBUG] cheese - admin
[2020-06-24T21:38:46.251] [DEBUG] cheese - null
[2020-06-24T21:38:46.252] [DEBUG] cheese - null
[2020-06-24T21:41:30.408] [DEBUG] cheese - login => username:admin,password:123456
[2020-06-24T21:41:30.408] [DEBUG] cheese - admin
[2020-06-24T21:41:30.410] [DEBUG] cheese - null
[2020-06-24T21:41:30.410] [DEBUG] cheese - null
[2020-06-24T21:59:28.831] [DEBUG] cheese - login => username:admin,password:123456
[2020-06-24T21:59:28.832] [DEBUG] cheese - admin
[2020-06-24T21:59:28.835] [DEBUG] cheese - null
[2020-06-24T21:59:28.835] [DEBUG] cheese - null
[2020-06-25T18:15:18.682] [DEBUG] cheese - login => username:admin,password:123456
[2020-06-25T18:15:18.683] [DEBUG] cheese - admin
[2020-06-25T18:15:18.702] [DEBUG] cheese - null
[2020-06-25T18:15:18.702] [DEBUG] cheese - null
[2020-06-25T18:48:31.588] [DEBUG] cheese - login => username:admin,password:123456
[2020-06-25T18:48:31.590] [DEBUG] cheese - admin
[2020-06-25T18:48:31.600] [DEBUG] cheese - null
[2020-06-25T18:48:31.602] [DEBUG] cheese - null
[2020-06-25T18:53:22.708] [DEBUG] cheese - login => username:admin,password:123456
[2020-06-25T18:53:22.708] [DEBUG] cheese - admin
[2020-06-25T18:53:22.709] [DEBUG] cheese - null
[2020-06-25T18:53:22.709] [DEBUG] cheese - null
[2020-06-25T19:24:33.637] [DEBUG] cheese - login => username:admin,password:123456
[2020-06-25T19:24:33.637] [DEBUG] cheese - admin
[2020-06-25T19:24:33.639] [DEBUG] cheese - null
[2020-06-25T19:24:33.639] [DEBUG] cheese - null
[2020-06-28T15:19:46.139] [DEBUG] cheese - login => username:admin,password:123456
[2020-06-28T15:19:46.140] [DEBUG] cheese - admin
[2020-06-28T15:19:46.159] [DEBUG] cheese - null
[2020-06-28T15:19:46.160] [DEBUG] cheese - null
[2020-06-28T22:13:25.780] [DEBUG] cheese - login => username:admin,password:123456
[2020-06-28T22:13:25.781] [DEBUG] cheese - admin
[2020-06-28T22:13:25.785] [DEBUG] cheese - null
[2020-06-28T22:13:25.785] [DEBUG] cheese - null
[2020-06-28T23:25:08.139] [DEBUG] cheese - login => username:admin,password:123456
[2020-06-28T23:25:08.140] [DEBUG] cheese - admin
[2020-06-28T23:25:08.143] [DEBUG] cheese - null
[2020-06-28T23:25:08.144] [DEBUG] cheese - null
[2020-06-29T10:41:15.126] [DEBUG] cheese - login => username:admin,password:123456
[2020-06-29T10:41:15.127] [DEBUG] cheese - admin
[2020-06-29T10:41:15.148] [DEBUG] cheese - null
[2020-06-29T10:41:15.149] [DEBUG] cheese - null
[2020-06-29T12:53:46.779] [DEBUG] cheese - login => username:admin,password:123456
[2020-06-29T12:53:46.780] [DEBUG] cheese - admin
[2020-06-29T12:53:46.783] [DEBUG] cheese - null
[2020-06-29T12:53:46.783] [DEBUG] cheese - null
[2020-06-29T13:07:00.354] [DEBUG] cheese - login => username:admin,password:123456
[2020-06-29T13:07:00.355] [DEBUG] cheese - admin
[2020-06-29T13:07:00.358] [DEBUG] cheese - null
[2020-06-29T13:07:00.359] [DEBUG] cheese - null
[2020-06-29T16:49:26.412] [DEBUG] cheese - login => username:admin,password:123456
[2020-06-29T16:49:26.413] [DEBUG] cheese - admin
[2020-06-29T16:49:26.416] [DEBUG] cheese - null
[2020-06-29T16:49:26.417] [DEBUG] cheese - null
[2020-06-29T22:58:42.701] [DEBUG] cheese - login => username:admin,password:1234566
[2020-06-29T22:58:42.702] [DEBUG] cheese - admin
[2020-06-29T22:58:42.705] [DEBUG] cheese - null
[2020-06-29T22:58:42.706] [DEBUG] cheese - null
[2020-06-29T22:58:45.332] [DEBUG] cheese - login => username:admin,password:123456
[2020-06-29T22:58:45.332] [DEBUG] cheese - admin
[2020-06-29T22:58:45.334] [DEBUG] cheese - null
[2020-06-29T22:58:45.335] [DEBUG] cheese - null
[2020-06-29T23:38:11.874] [DEBUG] cheese - login => username:admin,password:123456
[2020-06-29T23:38:11.875] [DEBUG] cheese - admin
[2020-06-29T23:38:11.878] [DEBUG] cheese - null
[2020-06-29T23:38:11.879] [DEBUG] cheese - null
[2020-06-30T10:32:24.546] [DEBUG] cheese - login => username:admin,password:123456
[2020-06-30T10:32:24.548] [DEBUG] cheese - admin
[2020-06-30T10:32:24.581] [DEBUG] cheese - null
[2020-06-30T10:32:24.582] [DEBUG] cheese - null
[2020-06-30T21:45:09.387] [DEBUG] cheese - login => username:admin,password:1235456
[2020-06-30T21:45:09.389] [DEBUG] cheese - admin
[2020-06-30T21:45:09.394] [DEBUG] cheese - null
[2020-06-30T21:45:09.395] [DEBUG] cheese - null
[2020-06-30T21:45:15.198] [DEBUG] cheese - login => username:admin,password:123456
[2020-06-30T21:45:15.198] [DEBUG] cheese - admin
[2020-06-30T21:45:15.200] [DEBUG] cheese - null
[2020-06-30T21:45:15.200] [DEBUG] cheese - null
[2020-06-30T22:00:28.378] [DEBUG] cheese - login => username:admin,password:123456
[2020-06-30T22:00:28.379] [DEBUG] cheese - admin
[2020-06-30T22:00:28.399] [DEBUG] cheese - null
[2020-06-30T22:00:28.399] [DEBUG] cheese - null
[2020-06-30T22:17:51.857] [DEBUG] cheese - login => username:admin,password:123456
[2020-06-30T22:17:51.858] [DEBUG] cheese - admin
[2020-06-30T22:17:51.861] [DEBUG] cheese - null
[2020-06-30T22:17:51.861] [DEBUG] cheese - null
[2020-07-01T13:14:07.632] [DEBUG] cheese - login => username:admin,password:123456
[2020-07-01T13:14:07.634] [DEBUG] cheese - admin
[2020-07-01T13:14:07.672] [DEBUG] cheese - null
[2020-07-01T13:14:07.674] [DEBUG] cheese - null
[2020-07-01T13:51:30.049] [DEBUG] cheese - login => username:admin,password:123456
[2020-07-01T13:51:30.050] [DEBUG] cheese - admin
[2020-07-01T13:51:30.075] [DEBUG] cheese - null
[2020-07-01T13:51:30.076] [DEBUG] cheese - null
[2020-07-01T17:38:47.344] [DEBUG] cheese - login => username:admin,password:123456
[2020-07-01T17:38:47.346] [DEBUG] cheese - admin
[2020-07-01T17:38:47.353] [DEBUG] cheese - null
[2020-07-01T17:38:47.353] [DEBUG] cheese - null
[2020-07-01T20:07:14.734] [DEBUG] cheese - login => username:admin,password:123456
[2020-07-01T20:07:14.734] [DEBUG] cheese - admin
[2020-07-01T20:07:14.737] [DEBUG] cheese - null
[2020-07-01T20:07:14.737] [DEBUG] cheese - null
[2020-07-01T20:08:31.064] [DEBUG] cheese - login => username:admin,password:123456
[2020-07-01T20:08:31.064] [DEBUG] cheese - admin
[2020-07-01T20:08:31.065] [DEBUG] cheese - null
[2020-07-01T20:08:31.065] [DEBUG] cheese - null
[2020-07-01T20:09:06.000] [DEBUG] cheese - login => username:admin,password:123456
[2020-07-01T20:09:06.000] [DEBUG] cheese - admin
[2020-07-01T20:09:06.002] [DEBUG] cheese - null
[2020-07-01T20:09:06.003] [DEBUG] cheese - null
[2020-07-01T20:20:17.472] [DEBUG] cheese - login => username:admin,password:123456
[2020-07-01T20:20:17.474] [DEBUG] cheese - admin
[2020-07-01T20:20:17.482] [DEBUG] cheese - null
[2020-07-01T20:20:17.483] [DEBUG] cheese - null
[2020-07-01T20:21:35.043] [DEBUG] cheese - login => username:admin,password:123456
[2020-07-01T20:21:35.043] [DEBUG] cheese - admin
[2020-07-01T20:21:35.045] [DEBUG] cheese - null
[2020-07-01T20:21:35.045] [DEBUG] cheese - null
[2020-07-02T13:03:06.120] [DEBUG] cheese - login => username:admin,password:123456
[2020-07-02T13:03:06.123] [DEBUG] cheese - admin
[2020-07-02T13:03:06.158] [DEBUG] cheese - null
[2020-07-02T13:03:06.159] [DEBUG] cheese - null
[2020-07-02T17:55:26.014] [DEBUG] cheese - null
[2020-07-02T18:03:07.799] [DEBUG] cheese - null
[2020-07-02T18:14:08.828] [DEBUG] cheese - null
[2020-07-03T10:50:04.505] [DEBUG] cheese - login => username:admin,password:123456
[2020-07-03T10:50:04.507] [DEBUG] cheese - admin
[2020-07-03T10:50:04.527] [DEBUG] cheese - null
[2020-07-03T10:50:04.528] [DEBUG] cheese - null
[2020-07-03T11:03:13.383] [DEBUG] cheese - login => username:admin,password:123456
[2020-07-03T11:03:13.385] [DEBUG] cheese - admin
[2020-07-03T11:03:13.388] [DEBUG] cheese - null
[2020-07-03T11:03:13.389] [DEBUG] cheese - null
[2020-07-03T11:21:38.287] [DEBUG] cheese - login => username:admin,password:123456
[2020-07-03T11:21:38.287] [DEBUG] cheese - admin
[2020-07-03T11:21:38.289] [DEBUG] cheese - null
[2020-07-03T11:21:38.289] [DEBUG] cheese - null
